<?xml version="1.0" encoding="UTF-8" standalone="yes" ?>
<test-results name="C:\git_opensource\TommiPrami\Delphi.CommandLineParser\UnitTests\Win32\Debug\DelphiCommandlineParserUnitTests.exe" total="0" errors="0" failures="0" ignored="0" inconclusive="0" not-run="0" skipped="0" invalid="0" date="2024-11-26" time="0.000">
  <culture-info current-culture="en" current-uiculture="en" />
  <test-suite type="Assembly" name="DelphiCommandlineParserUnitTests.exe" executed="true" result="Success" success="True" time="0.000" asserts="0">
    <results>
    </results>
  </test-suite>
</test-results>
